Removed Pin From Net: NetName=PC15 Pin=P10-1
Removed Pin From Net: NetName=PA0 Pin=P10-2
Removed Pin From Net: NetName=PA4 Pin=P10-3
Removed Pin From Net: NetName=PA5 Pin=P10-4
Removed Pin From Net: NetName=PB0 Pin=P10-5
Removed Pin From Net: NetName=PB1 Pin=P10-6
Removed Pin From Net: NetName=PB10 Pin=P10-7
Removed Pin From Net: NetName=PB11 Pin=P10-8
Change Component Designator: OldDesignator=D1 NewDesignator=D2
Change Component Designator: OldDesignator=D2 NewDesignator=D3
Change Component Designator: OldDesignator=D3 NewDesignator=D4
Change Component Designator: OldDesignator=R1 NewDesignator=R3
Change Component Designator: OldDesignator=R2 NewDesignator=R4
Added Component: Designator=D1(D1A)
Add component. Clean all parameters for all variants
Added Component: Designator=P10(JP7H)
Add component. Clean all parameters for all variants
Add component (AddParameter): Name = "LatestRevisionDate"; Value = "17-Jul-2002"; VariantName = "[No Variations]"
Add component (AddParameter): Name = "LatestRevisionNote"; Value = "Re-released for DXP Platform."; VariantName = "[No Variations]"
Add component (AddParameter): Name = "Publisher"; Value = "Altium Limited"; VariantName = "[No Variations]"
Added Component: Designator=R1(RES-SM-0603)
Add component. Clean all parameters for all variants
Add component (AddParameter): Name = "Value"; Value = "1K"; VariantName = "[No Variations]"
Added Component: Designator=R2(RES-SM-0603)
Add component. Clean all parameters for all variants
Add component (AddParameter): Name = "Value"; Value = "1K"; VariantName = "[No Variations]"
Added Pin To Net: NetName=GND Pin=D1-1
Added Pin To Net: NetName=PC15 Pin=P10-1
Added Pin To Net: NetName=PA0 Pin=P10-2
Added Pin To Net: NetName=PA4 Pin=P10-3
Added Pin To Net: NetName=PA5 Pin=P10-4
Added Pin To Net: NetName=PB1 Pin=P10-5
Added Pin To Net: NetName=PB10 Pin=P10-6
Added Pin To Net: NetName=PB11 Pin=P10-7
Added Pin To Net: NetName=PB0 Pin=R1-1
Added Pin To Net: NetName=GND Pin=R2-2
Added Pin To Net: NetName=NetD1_2 Pin=D1-2
Added Pin To Net: NetName=NetD1_2 Pin=R1-2
Added Pin To Net: NetName=NetD1_2 Pin=R2-1
Added Net: Name=NetD1_2
Added Member To Class: ClassName=MainBoardSTM32 Member=Component D4 SS54
Added Member To Class: ClassName=MainBoardSTM32 Member=Component P9 Spare 2
Added Member To Class: ClassName=MainBoardSTM32 Member=Component R3 RESISTOR SMD
Added Member To Class: ClassName=MainBoardSTM32 Member=Component R4 3296W-1-101LF
Added Room: Name=MainBoardSTM32
