Removed Pin From Net: NetName=PC15 Pin=P10-1
Removed Pin From Net: NetName=PA0 Pin=P10-2
Removed Pin From Net: NetName=PA4 Pin=P10-3
Removed Pin From Net: NetName=PA5 Pin=P10-4
Removed Pin From Net: NetName=PB1 Pin=P10-5
Removed Pin From Net: NetName=PB10 Pin=P10-6
Removed Pin From Net: NetName=PB11 Pin=P10-7
Added Component: Designator=P10(JP8)
Add component. Clean all parameters for all variants
Add component (AddParameter): Name = "LatestRevisionDate"; Value = "17-Jul-2002"; VariantName = "[No Variations]"
Add component (AddParameter): Name = "LatestRevisionNote"; Value = "Re-released for DXP Platform."; VariantName = "[No Variations]"
Add component (AddParameter): Name = "Publisher"; Value = "Altium Limited"; VariantName = "[No Variations]"
Added Pin To Net: NetName=PC15 Pin=P10-1
Added Pin To Net: NetName=PA0 Pin=P10-2
Added Pin To Net: NetName=PA4 Pin=P10-3
Added Pin To Net: NetName=PA5 Pin=P10-4
Added Pin To Net: NetName=PB1 Pin=P10-5
Added Pin To Net: NetName=PB10 Pin=P10-6
Added Pin To Net: NetName=PB11 Pin=P10-7
Added Member To Class: ClassName=MainBoardSTM32 Member=Component D1 SS54
Added Member To Class: ClassName=MainBoardSTM32 Member=Component D2 SS54
Added Member To Class: ClassName=MainBoardSTM32 Member=Component D3 SS54
Added Room: Name=MainBoardSTM32
