Removed Pin From Net: NetName=GND Pin=D1-1
Removed Pin From Net: NetName=PB0 Pin=R1-1
Change Component Designator: OldDesignator=D2 NewDesignator=D1
Change Component Designator: OldDesignator=D3 NewDesignator=D2
Change Component Designator: OldDesignator=D4 NewDesignator=D3
Added Component: Designator=Z1(DIOAD1413W86L463D238)
Add component. Clean all parameters for all variants
Add component (AddParameter): Name = "Arrow Part Number"; Value = "1N4728ATR"; VariantName = "[No Variations]"
Add component (AddParameter): Name = "Arrow Price/Stock"; Value = "https://www.arrow.com/en/products/1n4728atr/on-semiconductor?region=nac"; VariantName = "[No Variations]"
Add component (AddParameter): Name = "Datasheet Link"; Value = "http://www.onsemi.com/pub/Collateral/1N4736AT-D.PDF"; VariantName = "[No Variations]"
Add component (AddParameter): Name = "Manufacturer_Name"; Value = "onsemi"; VariantName = "[No Variations]"
Add component (AddParameter): Name = "Manufacturer_Part_Number"; Value = "1N4728ATR"; VariantName = "[No Variations]"
Add component (AddParameter): Name = "Mouser Part Number"; Value = "512-1N4728ATR"; VariantName = "[No Variations]"
Add component (AddParameter): Name = "Mouser Price/Stock"; Value = "https://www.mouser.co.uk/ProductDetail/ON-Semiconductor-Fairchild/1N4728ATR?qs=2V4k6Hs0nQm1Vo9UQ1sIIw%3D%3D"; VariantName = "[No Variations]"
Added Pin To Net: NetName=12V Pin=R1-1
Added Pin To Net: NetName=PB0 Pin=R1-2
Added Pin To Net: NetName=PB0 Pin=R2-1
Added Pin To Net: NetName=PB0 Pin=Z1-1
Added Pin To Net: NetName=GND Pin=Z1-2
Added Member To Class: ClassName=MainBoardSTM32 Member=Component D1 SS54
Added Member To Class: ClassName=MainBoardSTM32 Member=Component P10 Spare 1
Added Member To Class: ClassName=MainBoardSTM32 Member=Component R1 RESISTOR SMD
Added Member To Class: ClassName=MainBoardSTM32 Member=Component R2 RESISTOR SMD
Added Member To Class: ClassName=MainBoardSTM32 Member=Component Z1 1N4728ATR
Added Room: Name=MainBoardSTM32
