Removed Pin From Net: NetName=RPWM Pin=P1-1
Removed Pin From Net: NetName=VCC3V3 Pin=P1-2
Removed Pin From Net: NetName=GND Pin=P1-3
Removed Pin From Net: NetName=VCC3V3 Pin=P1-4
Removed Pin From Net: NetName=LPWM Pin=P1-5
Removed Pin From Net: NetName=VCC3V3 Pin=P1-6
Removed Pin From Net: NetName=GND Pin=P1-7
Removed Pin From Net: NetName=GND Pin=P1-8
Added Component: Designator=P1(JP4x2)
Add component. Clean all parameters for all variants
Add component (AddParameter): Name = "LatestRevisionDate"; Value = "17-Jul-2002"; VariantName = "[No Variations]"
Add component (AddParameter): Name = "LatestRevisionNote"; Value = "Re-released for DXP Platform."; VariantName = "[No Variations]"
Add component (AddParameter): Name = "Publisher"; Value = "Altium Limited"; VariantName = "[No Variations]"
Added Pin To Net: NetName=GND Pin=P1-1
Added Pin To Net: NetName=GND Pin=P1-2
Added Pin To Net: NetName=VCC3V3 Pin=P1-3
Added Pin To Net: NetName=LPWM Pin=P1-4
Added Pin To Net: NetName=VCC3V3 Pin=P1-5
Added Pin To Net: NetName=GND Pin=P1-6
Added Pin To Net: NetName=VCC3V3 Pin=P1-7
Added Pin To Net: NetName=RPWM Pin=P1-8
Added Member To Class: ClassName=MainBoardSTM32 Member=Component C7 CFF
Added Member To Class: ClassName=MainBoardSTM32 Member=Component P1 H bridge
Added Room: Name=MainBoardSTM32
