Removed Pin From Net: NetName=PA10 Pin=P9-2
Removed Pin From Net: NetName=PB15 Pin=P9-3
Removed Pin From Net: NetName=PB14 Pin=P9-4
Removed Pin From Net: NetName=PB13 Pin=P9-5
Removed Pin From Net: NetName=PB12 Pin=P9-6
Removed Pin From Net: NetName=PC13 Pin=P9-7
Removed Pin From Net: NetName=PC14 Pin=P9-8
Added Component: Designator=JDC1(DC-IN)
Add component. Clean all parameters for all variants
Add component (AddParameter): Name = "Value"; Value = "Jac DC"; VariantName = "[No Variations]"
Added Component: Designator=P9(JP8)
Add component. Clean all parameters for all variants
Add component (AddParameter): Name = "LatestRevisionDate"; Value = "17-Jul-2002"; VariantName = "[No Variations]"
Add component (AddParameter): Name = "LatestRevisionNote"; Value = "Re-released for DXP Platform."; VariantName = "[No Variations]"
Add component (AddParameter): Name = "Publisher"; Value = "Altium Limited"; VariantName = "[No Variations]"
Added Pin To Net: NetName=12V Pin=JDC1-1
Added Pin To Net: NetName=GND Pin=JDC1-2
Added Pin To Net: NetName=GND Pin=JDC1-3
Added Pin To Net: NetName=PA10 Pin=P9-1
Added Pin To Net: NetName=PB15 Pin=P9-2
Added Pin To Net: NetName=PB14 Pin=P9-3
Added Pin To Net: NetName=PB13 Pin=P9-4
Added Pin To Net: NetName=PB12 Pin=P9-5
Added Pin To Net: NetName=PC13 Pin=P9-6
Added Pin To Net: NetName=PC14 Pin=P9-7
Added Pin To Net: NetName=NRF24_IRQ Pin=B1-8
Added Pin To Net: NetName=NRF24_IRQ Pin=P8-8
Added Net: Name=NRF24_IRQ
Added Member To Class: ClassName=MainBoardSTM32 Member=Component JDC1 Jack DC
Added Room: Name=MainBoardSTM32
