Added Component: Designator=P7(JP4x2)
Add component. Clean all parameters for all variants
Add component (AddParameter): Name = "LatestRevisionDate"; Value = "17-Jul-2002"; VariantName = "[No Variations]"
Add component (AddParameter): Name = "LatestRevisionNote"; Value = "Re-released for DXP Platform."; VariantName = "[No Variations]"
Add component (AddParameter): Name = "Publisher"; Value = "Altium Limited"; VariantName = "[No Variations]"
Added Pin To Net: NetName=GND Pin=P7-1
Added Pin To Net: NetName=VCC3V3 Pin=P7-5
Added Pin To Net: NetName=SPI1_CE Pin=B1-10
Added Pin To Net: NetName=SPI1_CE Pin=P7-2
Added Net: Name=SPI1_CE
Added Pin To Net: NetName=SPI1_CSN Pin=B1-9
Added Pin To Net: NetName=SPI1_CSN Pin=P7-6
Added Net: Name=SPI1_CSN
Added Pin To Net: NetName=SPI1_MISO Pin=B1-12
Added Pin To Net: NetName=SPI1_MISO Pin=P7-4
Added Net: Name=SPI1_MISO
Added Pin To Net: NetName=SPI1_MOSI Pin=B1-13
Added Pin To Net: NetName=SPI1_MOSI Pin=P7-7
Added Net: Name=SPI1_MOSI
Added Pin To Net: NetName=SPI1_SCK Pin=B1-11
Added Pin To Net: NetName=SPI1_SCK Pin=P7-3
Added Net: Name=SPI1_SCK
Added Member To Class: ClassName=MainBoardSTM32 Member=Component P7 NRF24L01
Added Room: Name=MainBoardSTM32
