Removed Pin From Net: NetName=PA10 Pin=P9-1
Removed Pin From Net: NetName=PB15 Pin=P9-2
Removed Pin From Net: NetName=PB14 Pin=P9-3
Removed Pin From Net: NetName=PB13 Pin=P9-4
Removed Pin From Net: NetName=PB12 Pin=P9-5
Removed Pin From Net: NetName=PC13 Pin=P9-6
Removed Pin From Net: NetName=PC14 Pin=P9-7
Added Component: Designator=P9(JP7H)
Add component. Clean all parameters for all variants
Add component (AddParameter): Name = "LatestRevisionDate"; Value = "17-Jul-2002"; VariantName = "[No Variations]"
Add component (AddParameter): Name = "LatestRevisionNote"; Value = "Re-released for DXP Platform."; VariantName = "[No Variations]"
Add component (AddParameter): Name = "Publisher"; Value = "Altium Limited"; VariantName = "[No Variations]"
Added Pin To Net: NetName=PA10 Pin=P9-1
Added Pin To Net: NetName=PB15 Pin=P9-2
Added Pin To Net: NetName=PB14 Pin=P9-3
Added Pin To Net: NetName=PB13 Pin=P9-4
Added Pin To Net: NetName=PB12 Pin=P9-5
Added Pin To Net: NetName=PC13 Pin=P9-6
Added Pin To Net: NetName=PC14 Pin=P9-7
Added Member To Class: ClassName=MainBoardSTM32 Member=Component P9 Spare 2
Added Room: Name=MainBoardSTM32
