Removed Pin From Net: NetName=GND Pin=P7-1
Removed Pin From Net: NetName=SPI1_CE Pin=P7-2
Removed Pin From Net: NetName=SPI1_SCK Pin=P7-3
Removed Pin From Net: NetName=SPI1_MISO Pin=P7-4
Removed Pin From Net: NetName=VCC3V3 Pin=P7-5
Removed Pin From Net: NetName=SPI1_CSN Pin=P7-6
Removed Pin From Net: NetName=SPI1_MOSI Pin=P7-7
Added Component: Designator=P7(JP4x2)
Add component. Clean all parameters for all variants
Add component (AddParameter): Name = "LatestRevisionDate"; Value = "17-Jul-2002"; VariantName = "[No Variations]"
Add component (AddParameter): Name = "LatestRevisionNote"; Value = "Re-released for DXP Platform."; VariantName = "[No Variations]"
Add component (AddParameter): Name = "Publisher"; Value = "Altium Limited"; VariantName = "[No Variations]"
Added Pin To Net: NetName=VCC3V3 Pin=P7-1
Added Pin To Net: NetName=SPI1_CSN Pin=P7-2
Added Pin To Net: NetName=SPI1_MOSI Pin=P7-3
Added Pin To Net: NetName=GND Pin=P7-5
Added Pin To Net: NetName=SPI1_CE Pin=P7-6
Added Pin To Net: NetName=SPI1_SCK Pin=P7-7
Added Pin To Net: NetName=SPI1_MISO Pin=P7-8
Added Room: Name=MainBoardSTM32
